2018-01-11 15:39:27		Prodajalec 2 je uredil profil uporabnika 4
2018-01-11 15:39:56		Prodajalec 2 je deaktiviral stranko 4
2018-01-11 15:39:56		Prodajalec 2 je aktiviral stranko 4
2018-01-11 15:40:00		Prodajalec 2 je deaktiviral izdelek 2
2018-01-11 15:40:00		Prodajalec 2 je aktiviral izdelek 2
2018-01-11 15:40:05		Prodajalec 2 je spremenil izdelek 2
2018-01-11 15:40:15		Prodajalec 2 je dodal nov izdelek z imenom 32
2018-01-12 16:16:46		Prodajalec 4 se je odjavil iz sistema.
2018-01-12 16:16:57		Prodajalec 2 se je prijavil v sistem.
2018-01-12 16:17:16		Prodajalec 2 je dodal sliko izdelku 3
2018-01-12 16:17:46		Prodajalec 2 je dodal sliko izdelku 3
2018-01-12 16:18:54		Prodajalec 2 je dodal sliko izdelku 3
2018-01-12 16:19:45		Prodajalec 2 je izbrisal sliko 10 izdelku 3
2018-01-12 16:19:46		Prodajalec 2 je izbrisal sliko 2 izdelku 3
2018-01-12 16:19:53		Prodajalec 2 je izbrisal sliko 1 izdelku 1
2018-01-12 16:19:56		Prodajalec 2 je izbrisal sliko 3 izdelku 2
2018-01-12 16:19:57		Prodajalec 2 je izbrisal sliko 5 izdelku 2
2018-01-12 16:20:01		Prodajalec 2 je izbrisal sliko 4 izdelku 4
2018-01-12 16:23:05		Prodajalec 2 je dodal sliko izdelku 3
2018-01-12 16:23:10		Prodajalec 2 je izbrisal sliko 10 izdelku 3
2018-01-12 16:27:09		Prodajalec 2 je dodal sliko izdelku 2
2018-01-12 16:27:15		Prodajalec 2 je izbrisal sliko 10 izdelku 2
2018-01-12 16:28:14		Prodajalec 2 je dodal sliko izdelku 2
2018-01-12 17:22:41		Prodajalec 2 se je odjavil iz sistema.
